mode: set
github.com/sekaiichi/temproray_wallet/pkg/wallet/service.go:33.59,34.43 1 0
github.com/sekaiichi/temproray_wallet/pkg/wallet/service.go:39.2,44.4 2 0
github.com/sekaiichi/temproray_wallet/pkg/wallet/service.go:34.43,35.29 1 0
github.com/sekaiichi/temproray_wallet/pkg/wallet/service.go:35.29,37.4 1 0
github.com/sekaiichi/temproray_wallet/pkg/wallet/service.go:48.78,49.37 1 1
github.com/sekaiichi/temproray_wallet/pkg/wallet/service.go:54.2,63.21 4 1
github.com/sekaiichi/temproray_wallet/pkg/wallet/service.go:49.37,50.29 1 1
github.com/sekaiichi/temproray_wallet/pkg/wallet/service.go:50.29,52.4 1 0
github.com/sekaiichi/temproray_wallet/pkg/wallet/service.go:67.70,68.17 1 1
github.com/sekaiichi/temproray_wallet/pkg/wallet/service.go:72.2,73.33 2 1
github.com/sekaiichi/temproray_wallet/pkg/wallet/service.go:80.2,80.20 1 1
github.com/sekaiichi/temproray_wallet/pkg/wallet/service.go:84.2,85.12 2 1
github.com/sekaiichi/temproray_wallet/pkg/wallet/service.go:68.17,70.3 1 0
github.com/sekaiichi/temproray_wallet/pkg/wallet/service.go:73.33,74.26 1 1
github.com/sekaiichi/temproray_wallet/pkg/wallet/service.go:74.26,76.9 2 1
github.com/sekaiichi/temproray_wallet/pkg/wallet/service.go:80.20,82.3 1 0
github.com/sekaiichi/temproray_wallet/pkg/wallet/service.go:89.116,90.17 1 1
github.com/sekaiichi/temproray_wallet/pkg/wallet/service.go:94.2,95.33 2 1
github.com/sekaiichi/temproray_wallet/pkg/wallet/service.go:102.2,102.20 1 1
github.com/sekaiichi/temproray_wallet/pkg/wallet/service.go:106.2,106.30 1 1
github.com/sekaiichi/temproray_wallet/pkg/wallet/service.go:110.2,120.21 5 1
github.com/sekaiichi/temproray_wallet/pkg/wallet/service.go:90.17,92.3 1 0
github.com/sekaiichi/temproray_wallet/pkg/wallet/service.go:95.33,96.26 1 1
github.com/sekaiichi/temproray_wallet/pkg/wallet/service.go:96.26,98.9 2 1
github.com/sekaiichi/temproray_wallet/pkg/wallet/service.go:102.20,104.3 1 0
github.com/sekaiichi/temproray_wallet/pkg/wallet/service.go:106.30,108.3 1 0
github.com/sekaiichi/temproray_wallet/pkg/wallet/service.go:124.76,126.33 2 1
github.com/sekaiichi/temproray_wallet/pkg/wallet/service.go:132.2,132.20 1 1
github.com/sekaiichi/temproray_wallet/pkg/wallet/service.go:136.2,136.21 1 1
github.com/sekaiichi/temproray_wallet/pkg/wallet/service.go:126.33,127.26 1 1
github.com/sekaiichi/temproray_wallet/pkg/wallet/service.go:127.26,129.9 2 1
github.com/sekaiichi/temproray_wallet/pkg/wallet/service.go:132.20,134.3 1 1
github.com/sekaiichi/temproray_wallet/pkg/wallet/service.go:140.50,142.16 2 1
github.com/sekaiichi/temproray_wallet/pkg/wallet/service.go:146.2,147.16 2 1
github.com/sekaiichi/temproray_wallet/pkg/wallet/service.go:151.2,153.12 3 1
github.com/sekaiichi/temproray_wallet/pkg/wallet/service.go:142.16,144.3 1 0
github.com/sekaiichi/temproray_wallet/pkg/wallet/service.go:147.16,149.3 1 0
github.com/sekaiichi/temproray_wallet/pkg/wallet/service.go:157.77,158.37 1 1
github.com/sekaiichi/temproray_wallet/pkg/wallet/service.go:163.2,163.32 1 1
github.com/sekaiichi/temproray_wallet/pkg/wallet/service.go:158.37,159.30 1 1
github.com/sekaiichi/temproray_wallet/pkg/wallet/service.go:159.30,161.4 1 1
